<?xml version="1.0" encoding="UTF-8"?>
<!-- Generated by org.testng.reporters.JUnitReportReporter -->
<testsuite name="TEST1.TEST2.TESTTESTNG" tests="1" time="0.023" ignored="0" failures="0" timestamp="14 Jan 2020 04:08:40 GMT" skipped="0" hostname="DESKTOP-6NO7HQT" errors="0">
  <testcase name="abc" time="0.023" classname="TEST1.TEST2.TESTTESTNG"/>
</testsuite> <!-- TEST1.TEST2.TESTTESTNG -->
